<?xml version="1.0" encoding="UTF-8"?>
<!-- Generated by org.testng.reporters.JUnitXMLReporter -->
<testsuite ignored="2" hostname="LAPTOP-F5C4QKDE" failures="0" tests="8" name="Test" time="64.229" errors="0" timestamp="2022-05-11T21:56:46 IST">
  <testcase classname="tcsionProject.Stage4.TestLogin4" name="logindemo4" time="3.639"/>
  <testcase classname="tcsionProject.Stage4.TestLogin4" name="invalidLoginTC001" time="7.55"/>
  <testcase classname="tcsionProject.Stage4.TestLogin4" name="invalidLoginTC002" time="6.48"/>
  <testcase classname="tcsionProject.Stage4.TestLogin4" name="invalidLoginTC003" time="7.392"/>
  <testcase classname="tcsionProject.Stage4.TestLogin4" name="validLoginTC004" time="7.042"/>
  <testcase classname="tcsionProject.Stage4.TestLanding4" name="VerifyDash" time="5.217"/>
  <testcase classname="tcsionProject.Stage4.TestLanding4" name="Verifytour4" time="10.145"/>
  <testcase classname="tcsionProject.Stage4.TestLanding4" name="Verifybooking4" time="2.372"/>
  <testcase classname="com.phptravels.testbase.TestBase" name="@AfterTest quitBrowser" time="0.0">
    <ignored/>
  </testcase> <!-- @AfterTest quitBrowser -->
  <testcase classname="com.phptravels.testbase.TestBase" name="@BeforeTest onSetup" time="0.0">
    <ignored/>
  </testcase> <!-- @BeforeTest onSetup -->
</testsuite> <!-- Test -->
