<?xml version="1.0" encoding="UTF-8"?>
<!-- Generated by org.testng.reporters.JUnitXMLReporter -->
<testsuite ignored="2" hostname="LAPTOP-F5C4QKDE" failures="0" tests="8" name="Test" time="59.634" errors="0" timestamp="2022-05-06T17:22:04 IST">
  <testcase classname="tcsionProject.Stage4.TestLogin4" name="logindemo4" time="3.604"/>
  <testcase classname="tcsionProject.Stage4.TestLogin4" name="invalidLoginTC001" time="6.676"/>
  <testcase classname="tcsionProject.Stage4.TestLogin4" name="invalidLoginTC002" time="6.965"/>
  <testcase classname="tcsionProject.Stage4.TestLogin4" name="invalidLoginTC003" time="5.519"/>
  <testcase classname="tcsionProject.Stage4.TestLogin4" name="validLoginTC004" time="6.079"/>
  <testcase classname="tcsionProject.Stage4.TestLanding4" name="VerifyDash" time="5.122"/>
  <testcase classname="tcsionProject.Stage4.TestLanding4" name="Verifytour4" time="9.494"/>
  <testcase classname="tcsionProject.Stage4.TestLanding4" name="Verifybooking4" time="2.449"/>
  <testcase classname="com.phptravels.testbase.TestBase" name="@AfterTest quitBrowser" time="0.0">
    <ignored/>
  </testcase> <!-- @AfterTest quitBrowser -->
  <testcase classname="com.phptravels.testbase.TestBase" name="@BeforeTest onSetup" time="0.0">
    <ignored/>
  </testcase> <!-- @BeforeTest onSetup -->
</testsuite> <!-- Test -->
